<?xml version="1.0" encoding="UTF-8"?>
<!-- Generated by org.testng.reporters.JUnitReportReporter -->
<testsuite hostname="LAPTOP-EO6QEC52" name="saleforcePOM.verifyLogin" tests="1" failures="0" timestamp="12 Apr 2022 09:34:51 GMT" time="5.830" errors="0">
  <testcase name="TestUser" time="5.830" classname="saleforcePOM.verifyLogin"/>
</testsuite> <!-- saleforcePOM.verifyLogin -->
